<?xml version="1.0" encoding="UTF-8"?>
<testsuite xmlns:xsi="http://www.w3.org/2001/XMLSchema-instance" xsi:noNamespaceSchemaLocation="https://maven.apache.org/surefire/maven-surefire-plugin/xsd/surefire-test-report.xsd" name="com.maven.vintage_project.service.UserServiceTests" time="0.511" tests="4" errors="0" skipped="0" failures="0">
  <properties>
[...]
</properties>
  <testcase name="testInvalidEmails" classname="com.maven.vintage_project.service.UserServiceTests" time="0.297"/>
  <testcase name="testValidPasswords" classname="com.maven.vintage_project.service.UserServiceTests" time="0.132"/>
  <testcase name="testValidEmails" classname="com.maven.vintage_project.service.UserServiceTests" time="0"/>
  <testcase name="testInvalidPasswords" classname="com.maven.vintage_project.service.UserServiceTests" time="0"/>
</testsuite>